2021-06-09 16:42:07,865 - movie_logger - INFO - 가상 브라우저 실행...
2021-06-09 16:42:08,242 - movie_logger - INFO - 1 페이지 이동
2021-06-09 16:42:09,250 - movie_logger - INFO - 1위 그린 북 영화 클릭...
2021-06-09 16:42:10,139 - movie_logger - INFO - 다음 페이지 클릭...
2021-06-09 16:42:10,630 - movie_logger - INFO - 다음 페이지 클릭...
2021-06-09 16:42:10,631 - movie_logger - INFO - 그린 북 영화 리뷰 수집완료...
2021-06-09 16:42:10,829 - movie_logger - INFO - 1 페이지 이동
2021-06-09 16:42:11,290 - movie_logger - INFO - 2위 가버나움 영화 클릭...
2021-06-09 16:42:12,111 - movie_logger - INFO - 다음 페이지 클릭...
2021-06-09 16:42:12,588 - movie_logger - INFO - 다음 페이지 클릭...
2021-06-09 16:42:12,588 - movie_logger - INFO - 가버나움 영화 리뷰 수집완료...
2021-06-09 16:42:12,731 - movie_logger - INFO - 1 페이지 이동
2021-06-09 16:42:13,259 - movie_logger - INFO - 3위 디지몬 어드벤처 라스트 에볼루션 : 인연 영화 클릭...
2021-06-09 16:42:14,223 - movie_logger - INFO - 다음 페이지 클릭...
2021-06-09 16:42:14,686 - movie_logger - INFO - 다음 페이지 클릭...
2021-06-09 16:42:14,686 - movie_logger - INFO - 디지몬 어드벤처 라스트 에볼루션 : 인연 영화 리뷰 수집완료...
2021-06-09 16:42:14,825 - movie_logger - INFO - 1 페이지 이동
2021-06-09 16:42:15,502 - movie_logger - INFO - 4위 베일리 어게인 영화 클릭...
2021-06-09 16:42:16,316 - movie_logger - INFO - 다음 페이지 클릭...
2021-06-09 16:42:16,811 - movie_logger - INFO - 다음 페이지 클릭...
2021-06-09 16:42:16,811 - movie_logger - INFO - 베일리 어게인 영화 리뷰 수집완료...
2021-06-09 16:42:16,957 - movie_logger - INFO - 1 페이지 이동
2021-06-09 16:42:17,470 - movie_logger - INFO - 5위 원더 영화 클릭...
2021-06-09 16:42:18,621 - movie_logger - INFO - 다음 페이지 클릭...
2021-06-09 16:42:19,173 - movie_logger - INFO - 다음 페이지 클릭...
2021-06-09 16:42:19,173 - movie_logger - INFO - 원더 영화 리뷰 수집완료...
2021-06-09 16:42:19,307 - movie_logger - INFO - 1 페이지 이동
2021-06-09 16:42:19,752 - movie_logger - INFO - 6위 먼 훗날 우리 영화 클릭...
2021-06-09 16:42:21,214 - movie_logger - INFO - 다음 페이지 클릭...
2021-06-09 16:42:21,679 - movie_logger - INFO - 다음 페이지 클릭...
2021-06-09 16:42:21,679 - movie_logger - INFO - 먼 훗날 우리 영화 리뷰 수집완료...
2021-06-09 16:42:21,845 - movie_logger - INFO - 1 페이지 이동
2021-06-09 16:42:22,324 - movie_logger - INFO - 7위 아일라 영화 클릭...
2021-06-09 16:42:23,115 - movie_logger - INFO - 다음 페이지 클릭...
2021-06-09 16:42:23,579 - movie_logger - INFO - 다음 페이지 클릭...
2021-06-09 16:42:23,579 - movie_logger - INFO - 아일라 영화 리뷰 수집완료...
2021-06-09 16:42:23,725 - movie_logger - INFO - 1 페이지 이동
2021-06-09 16:42:24,240 - movie_logger - INFO - 8위 당갈 영화 클릭...
2021-06-09 16:42:25,031 - movie_logger - INFO - 다음 페이지 클릭...
2021-06-09 16:42:25,515 - movie_logger - INFO - 다음 페이지 클릭...
2021-06-09 16:42:25,515 - movie_logger - INFO - 당갈 영화 리뷰 수집완료...
2021-06-09 16:42:25,661 - movie_logger - INFO - 1 페이지 이동
2021-06-09 16:42:26,158 - movie_logger - INFO - 9위 극장판 바이올렛 에버가든 영화 클릭...
2021-06-09 16:42:27,179 - movie_logger - INFO - 다음 페이지 클릭...
2021-06-09 16:42:27,660 - movie_logger - INFO - 다음 페이지 클릭...
2021-06-09 16:42:27,660 - movie_logger - INFO - 극장판 바이올렛 에버가든 영화 리뷰 수집완료...
2021-06-09 16:42:27,808 - movie_logger - INFO - 1 페이지 이동
2021-06-09 16:42:28,355 - movie_logger - INFO - 10위 포드 V 페라리 영화 클릭...
2021-06-09 16:42:29,147 - movie_logger - INFO - 다음 페이지 클릭...
2021-06-09 16:42:29,618 - movie_logger - INFO - 다음 페이지 클릭...
2021-06-09 16:42:29,618 - movie_logger - INFO - 포드 V 페라리 영화 리뷰 수집완료...
2021-06-09 16:42:29,762 - movie_logger - INFO - 1 페이지 이동
2021-06-09 16:42:30,224 - movie_logger - INFO - 11위 주전장 영화 클릭...
2021-06-09 16:42:31,158 - movie_logger - INFO - 다음 페이지 클릭...
2021-06-09 16:42:31,683 - movie_logger - INFO - 다음 페이지 클릭...
2021-06-09 16:42:31,684 - movie_logger - INFO - 주전장 영화 리뷰 수집완료...
2021-06-09 16:42:31,881 - movie_logger - INFO - 1 페이지 이동
2021-06-09 16:42:32,353 - movie_logger - INFO - 12위 그대, 고맙소 : 김호중 생애 첫 팬미팅 무비 영화 클릭...
2021-06-09 16:42:33,239 - movie_logger - INFO - 다음 페이지 클릭...
2021-06-09 16:42:33,736 - movie_logger - INFO - 다음 페이지 클릭...
2021-06-09 16:42:33,737 - movie_logger - INFO - 그대, 고맙소 : 김호중 생애 첫 팬미팅 무비 영화 리뷰 수집완료...
2021-06-09 16:42:33,890 - movie_logger - INFO - 1 페이지 이동
2021-06-09 16:42:34,393 - movie_logger - INFO - 13위 쇼생크 탈출 영화 클릭...
2021-06-09 16:42:35,303 - movie_logger - INFO - 다음 페이지 클릭...
2021-06-09 16:42:35,843 - movie_logger - INFO - 다음 페이지 클릭...
2021-06-09 16:42:35,843 - movie_logger - INFO - 쇼생크 탈출 영화 리뷰 수집완료...
2021-06-09 16:42:36,002 - movie_logger - INFO - 1 페이지 이동
2021-06-09 16:42:36,515 - movie_logger - INFO - 14위 터미네이터 2:오리지널 영화 클릭...
2021-06-09 16:42:37,387 - movie_logger - INFO - 다음 페이지 클릭...
2021-06-09 16:42:37,885 - movie_logger - INFO - 다음 페이지 클릭...
2021-06-09 16:42:37,885 - movie_logger - INFO - 터미네이터 2:오리지널 영화 리뷰 수집완료...
2021-06-09 16:42:38,053 - movie_logger - INFO - 1 페이지 이동
2021-06-09 16:42:38,762 - movie_logger - INFO - 15위 덕구 영화 클릭...
2021-06-09 16:42:39,614 - movie_logger - INFO - 다음 페이지 클릭...
2021-06-09 16:42:40,423 - movie_logger - INFO - 다음 페이지 클릭...
2021-06-09 16:42:40,423 - movie_logger - INFO - 덕구 영화 리뷰 수집완료...
2021-06-09 16:42:40,586 - movie_logger - INFO - 1 페이지 이동
2021-06-09 16:42:41,076 - movie_logger - INFO - 16위 나 홀로 집에 영화 클릭...
2021-06-09 16:42:41,908 - movie_logger - INFO - 다음 페이지 클릭...
2021-06-09 16:44:52,204 - movie_logger - INFO - 가상 브라우저 실행...
2021-06-09 16:44:52,583 - movie_logger - INFO - 1 페이지 이동
2021-06-09 16:44:53,289 - movie_logger - INFO - 1위 그린 북 영화 클릭...
2021-06-09 16:44:54,163 - movie_logger - INFO - 다음 페이지 클릭...
2021-06-09 16:44:54,654 - movie_logger - INFO - 다음 페이지 클릭...
2021-06-09 16:44:55,097 - movie_logger - INFO - 다음 페이지 클릭...
2021-06-09 16:44:55,545 - movie_logger - INFO - 다음 페이지 클릭...
2021-06-09 16:44:55,982 - movie_logger - INFO - 다음 페이지 클릭...
2021-06-09 16:44:56,432 - movie_logger - INFO - 다음 페이지 클릭...
2021-06-09 16:44:56,883 - movie_logger - INFO - 다음 페이지 클릭...
2021-06-09 16:44:57,326 - movie_logger - INFO - 다음 페이지 클릭...
2021-06-09 16:44:57,776 - movie_logger - INFO - 다음 페이지 클릭...
2021-06-09 16:44:58,214 - movie_logger - INFO - 다음 페이지 클릭...
2021-06-09 16:44:58,663 - movie_logger - INFO - 다음 페이지 클릭...
2021-06-09 16:44:59,149 - movie_logger - INFO - 다음 페이지 클릭...
2021-06-09 16:44:59,616 - movie_logger - INFO - 다음 페이지 클릭...
2021-06-09 16:45:00,113 - movie_logger - INFO - 다음 페이지 클릭...
2021-06-09 16:45:00,578 - movie_logger - INFO - 다음 페이지 클릭...
2021-06-09 16:45:01,071 - movie_logger - INFO - 다음 페이지 클릭...
2021-06-09 16:45:01,557 - movie_logger - INFO - 다음 페이지 클릭...
2021-06-09 16:45:02,046 - movie_logger - INFO - 다음 페이지 클릭...
2021-06-09 16:45:02,535 - movie_logger - INFO - 다음 페이지 클릭...
2021-06-09 16:45:03,018 - movie_logger - INFO - 다음 페이지 클릭...
2021-06-09 16:45:03,502 - movie_logger - INFO - 다음 페이지 클릭...
2021-06-09 16:45:03,980 - movie_logger - INFO - 다음 페이지 클릭...
2021-06-09 16:45:04,468 - movie_logger - INFO - 다음 페이지 클릭...
2021-06-09 16:45:04,983 - movie_logger - INFO - 다음 페이지 클릭...
2021-06-09 16:45:05,493 - movie_logger - INFO - 다음 페이지 클릭...
2021-06-09 16:45:05,994 - movie_logger - INFO - 다음 페이지 클릭...
2021-06-09 16:45:06,525 - movie_logger - INFO - 다음 페이지 클릭...
2021-06-09 16:45:07,030 - movie_logger - INFO - 다음 페이지 클릭...
2021-06-09 16:45:07,545 - movie_logger - INFO - 다음 페이지 클릭...
2021-06-09 16:45:08,053 - movie_logger - INFO - 다음 페이지 클릭...
2021-06-09 16:45:08,565 - movie_logger - INFO - 다음 페이지 클릭...
2021-06-09 16:45:09,078 - movie_logger - INFO - 다음 페이지 클릭...
2021-06-09 16:45:09,608 - movie_logger - INFO - 다음 페이지 클릭...
2021-06-09 16:48:02,753 - movie_logger - INFO - 가상 브라우저 실행...
2021-06-09 16:48:05,540 - movie_logger - INFO - 1 페이지 이동
2021-06-09 16:48:06,248 - movie_logger - INFO - 1위 그린 북 영화 클릭...
2021-06-09 16:48:07,057 - movie_logger - INFO - 다음 페이지 클릭...
2021-06-09 16:48:07,516 - movie_logger - INFO - 다음 페이지 클릭...
2021-06-09 16:48:07,986 - movie_logger - INFO - 다음 페이지 클릭...
2021-06-09 16:48:08,391 - movie_logger - INFO - 다음 페이지 클릭...
2021-06-09 16:48:08,815 - movie_logger - INFO - 다음 페이지 클릭...
2021-06-09 16:48:09,243 - movie_logger - INFO - 다음 페이지 클릭...
2021-06-09 16:48:09,656 - movie_logger - INFO - 다음 페이지 클릭...
2021-06-09 16:48:10,083 - movie_logger - INFO - 다음 페이지 클릭...
2021-06-09 16:48:10,508 - movie_logger - INFO - 다음 페이지 클릭...
2021-06-09 16:48:10,936 - movie_logger - INFO - 다음 페이지 클릭...
2021-06-09 16:48:11,373 - movie_logger - INFO - 다음 페이지 클릭...
2021-06-09 16:48:11,814 - movie_logger - INFO - 다음 페이지 클릭...
2021-06-09 16:48:12,254 - movie_logger - INFO - 다음 페이지 클릭...
2021-06-09 16:48:12,715 - movie_logger - INFO - 다음 페이지 클릭...
2021-06-09 16:48:13,169 - movie_logger - INFO - 다음 페이지 클릭...
2021-06-09 16:48:13,627 - movie_logger - INFO - 다음 페이지 클릭...
2021-06-09 16:48:14,081 - movie_logger - INFO - 다음 페이지 클릭...
2021-06-09 16:48:14,549 - movie_logger - INFO - 다음 페이지 클릭...
2021-06-09 16:48:15,018 - movie_logger - INFO - 다음 페이지 클릭...
2021-06-09 16:48:16,238 - movie_logger - INFO - 다음 페이지 클릭...
2021-06-09 16:48:16,731 - movie_logger - INFO - 다음 페이지 클릭...
2021-06-09 16:48:17,239 - movie_logger - INFO - 다음 페이지 클릭...
2021-06-09 16:48:17,724 - movie_logger - INFO - 다음 페이지 클릭...
2021-06-09 16:48:18,206 - movie_logger - INFO - 다음 페이지 클릭...
2021-06-09 16:48:18,703 - movie_logger - INFO - 다음 페이지 클릭...
2021-06-09 16:48:19,207 - movie_logger - INFO - 다음 페이지 클릭...
2021-06-09 16:48:19,708 - movie_logger - INFO - 다음 페이지 클릭...
2021-06-09 16:48:20,214 - movie_logger - INFO - 다음 페이지 클릭...
2021-06-09 16:48:20,707 - movie_logger - INFO - 다음 페이지 클릭...
2021-06-09 16:48:21,212 - movie_logger - INFO - 다음 페이지 클릭...
2021-06-09 16:48:21,718 - movie_logger - INFO - 다음 페이지 클릭...
2021-06-09 16:48:22,218 - movie_logger - INFO - 다음 페이지 클릭...
2021-06-09 16:48:22,739 - movie_logger - INFO - 다음 페이지 클릭...
2021-06-09 16:48:23,266 - movie_logger - INFO - 다음 페이지 클릭...
2021-06-09 16:48:23,785 - movie_logger - INFO - 다음 페이지 클릭...
2021-06-09 16:48:24,307 - movie_logger - INFO - 다음 페이지 클릭...
2021-06-09 16:48:24,838 - movie_logger - INFO - 다음 페이지 클릭...
2021-06-09 17:14:09,483 - movie_logger - INFO - 가상 브라우저 실행...
2021-06-09 17:14:12,146 - movie_logger - INFO - 1 페이지 이동
2021-06-09 17:14:12,805 - movie_logger - INFO - 1위 그린 북 영화 클릭...
2021-06-09 17:14:13,642 - movie_logger - INFO - 다음 페이지 클릭...
2021-06-09 17:14:14,098 - movie_logger - INFO - 다음 페이지 클릭...
2021-06-09 17:14:14,523 - movie_logger - INFO - 다음 페이지 클릭...
2021-06-09 17:14:15,218 - movie_logger - INFO - 다음 페이지 클릭...
2021-06-09 17:14:15,643 - movie_logger - INFO - 다음 페이지 클릭...
2021-06-09 17:14:16,063 - movie_logger - INFO - 다음 페이지 클릭...
2021-06-09 17:14:16,475 - movie_logger - INFO - 다음 페이지 클릭...
2021-06-09 17:14:16,894 - movie_logger - INFO - 다음 페이지 클릭...
2021-06-09 17:14:17,320 - movie_logger - INFO - 다음 페이지 클릭...
2021-06-09 17:34:30,047 - movie_logger - INFO - 가상 브라우저 실행...
2021-06-09 17:34:32,570 - movie_logger - INFO - 1 페이지 이동
2021-06-09 17:34:33,191 - movie_logger - INFO - 1위 그린 북 영화 클릭...
2021-06-09 17:34:34,013 - movie_logger - INFO - 다음 페이지 클릭...
2021-06-09 17:34:34,463 - movie_logger - INFO - 다음 페이지 클릭...
2021-06-09 17:34:34,874 - movie_logger - INFO - 다음 페이지 클릭...
2021-06-09 17:34:35,297 - movie_logger - INFO - 다음 페이지 클릭...
2021-06-09 17:34:35,719 - movie_logger - INFO - 다음 페이지 클릭...
2021-06-09 17:34:36,157 - movie_logger - INFO - 다음 페이지 클릭...
2021-06-14 17:00:57,660 - movie_logger - INFO - 가상 브라우저 실행...
2021-06-14 17:01:00,525 - movie_logger - INFO - 1 페이지 이동
2021-06-14 17:01:36,306 - movie_logger - INFO - 가상 브라우저 실행...
2021-06-14 17:01:36,673 - movie_logger - INFO - 1 페이지 이동
2021-06-14 17:01:37,342 - movie_logger - INFO - 1위 그린 북 영화 클릭...
2021-06-14 17:01:38,201 - movie_logger - INFO - 다음 페이지 클릭...
2021-06-14 17:01:38,646 - movie_logger - INFO - 다음 페이지 클릭...
2021-06-14 17:01:39,066 - movie_logger - INFO - 다음 페이지 클릭...
2021-06-14 17:01:39,485 - movie_logger - INFO - 다음 페이지 클릭...
2021-06-14 17:01:39,907 - movie_logger - INFO - 다음 페이지 클릭...
2021-06-14 17:01:40,357 - movie_logger - INFO - 다음 페이지 클릭...
2021-06-14 17:01:40,787 - movie_logger - INFO - 다음 페이지 클릭...
2021-06-14 17:01:41,225 - movie_logger - INFO - 다음 페이지 클릭...
2021-06-14 17:01:41,658 - movie_logger - INFO - 다음 페이지 클릭...
2021-06-14 17:01:42,347 - movie_logger - INFO - 다음 페이지 클릭...
2021-06-14 17:01:42,806 - movie_logger - INFO - 다음 페이지 클릭...
2021-06-14 17:01:43,250 - movie_logger - INFO - 다음 페이지 클릭...
2021-06-14 17:01:43,954 - movie_logger - INFO - 다음 페이지 클릭...
2021-06-14 17:01:44,401 - movie_logger - INFO - 다음 페이지 클릭...
2021-06-14 17:01:44,852 - movie_logger - INFO - 다음 페이지 클릭...
2021-06-14 17:01:45,304 - movie_logger - INFO - 다음 페이지 클릭...
2021-06-14 17:01:45,749 - movie_logger - INFO - 다음 페이지 클릭...
2021-06-14 17:01:46,475 - movie_logger - INFO - 다음 페이지 클릭...
2021-06-14 17:01:46,969 - movie_logger - INFO - 다음 페이지 클릭...
2021-06-14 17:01:47,432 - movie_logger - INFO - 다음 페이지 클릭...
2021-06-14 17:01:47,896 - movie_logger - INFO - 다음 페이지 클릭...
2021-06-14 17:01:48,373 - movie_logger - INFO - 다음 페이지 클릭...
2021-06-14 17:01:48,903 - movie_logger - INFO - 다음 페이지 클릭...
2021-06-14 17:01:49,366 - movie_logger - INFO - 다음 페이지 클릭...
2021-06-14 17:01:49,833 - movie_logger - INFO - 다음 페이지 클릭...
2021-06-14 17:01:50,303 - movie_logger - INFO - 다음 페이지 클릭...
2021-06-14 17:01:50,772 - movie_logger - INFO - 다음 페이지 클릭...
2021-06-14 17:01:51,258 - movie_logger - INFO - 다음 페이지 클릭...
2021-06-14 17:01:51,748 - movie_logger - INFO - 다음 페이지 클릭...
2021-06-14 17:01:52,248 - movie_logger - INFO - 다음 페이지 클릭...
2021-06-14 17:01:52,748 - movie_logger - INFO - 다음 페이지 클릭...
2021-06-14 17:01:53,253 - movie_logger - INFO - 다음 페이지 클릭...
2021-06-14 17:01:53,753 - movie_logger - INFO - 다음 페이지 클릭...
2021-06-14 17:01:54,565 - movie_logger - INFO - 다음 페이지 클릭...
2021-06-14 17:01:55,082 - movie_logger - INFO - 다음 페이지 클릭...
2021-06-14 17:01:55,606 - movie_logger - INFO - 다음 페이지 클릭...
2021-06-14 17:01:56,149 - movie_logger - INFO - 다음 페이지 클릭...
2021-06-14 17:01:56,691 - movie_logger - INFO - 다음 페이지 클릭...
2021-06-14 17:01:57,224 - movie_logger - INFO - 다음 페이지 클릭...
2021-06-14 17:01:57,748 - movie_logger - INFO - 다음 페이지 클릭...
2021-06-14 17:01:58,281 - movie_logger - INFO - 다음 페이지 클릭...
2021-06-14 17:01:58,820 - movie_logger - INFO - 다음 페이지 클릭...
2021-06-14 17:01:59,366 - movie_logger - INFO - 다음 페이지 클릭...
2021-06-14 17:01:59,907 - movie_logger - INFO - 다음 페이지 클릭...
2021-06-14 17:02:00,454 - movie_logger - INFO - 다음 페이지 클릭...
2021-06-14 17:02:01,007 - movie_logger - INFO - 다음 페이지 클릭...
2021-06-14 17:02:01,564 - movie_logger - INFO - 다음 페이지 클릭...
2021-06-14 17:02:02,126 - movie_logger - INFO - 다음 페이지 클릭...
2021-06-14 17:02:02,689 - movie_logger - INFO - 다음 페이지 클릭...
2021-06-14 17:02:03,253 - movie_logger - INFO - 다음 페이지 클릭...
2021-06-14 17:02:03,821 - movie_logger - INFO - 다음 페이지 클릭...
2021-06-14 17:02:04,398 - movie_logger - INFO - 다음 페이지 클릭...
2021-06-14 17:02:04,970 - movie_logger - INFO - 다음 페이지 클릭...
2021-06-14 17:02:05,553 - movie_logger - INFO - 다음 페이지 클릭...
2021-06-14 17:02:06,431 - movie_logger - INFO - 다음 페이지 클릭...
2021-06-14 17:02:07,038 - movie_logger - INFO - 다음 페이지 클릭...
2021-06-14 17:02:07,630 - movie_logger - INFO - 다음 페이지 클릭...
2021-06-14 17:02:08,216 - movie_logger - INFO - 다음 페이지 클릭...
2021-06-14 17:02:08,814 - movie_logger - INFO - 다음 페이지 클릭...
2021-06-14 17:02:09,692 - movie_logger - INFO - 다음 페이지 클릭...
2021-06-14 17:02:10,318 - movie_logger - INFO - 다음 페이지 클릭...
2021-06-14 17:02:10,953 - movie_logger - INFO - 다음 페이지 클릭...
2021-06-14 17:02:11,573 - movie_logger - INFO - 다음 페이지 클릭...
2021-06-14 17:02:12,459 - movie_logger - INFO - 다음 페이지 클릭...
2021-06-14 17:02:13,081 - movie_logger - INFO - 다음 페이지 클릭...
2021-06-14 17:02:13,744 - movie_logger - INFO - 다음 페이지 클릭...
2021-06-14 17:02:14,344 - movie_logger - INFO - 다음 페이지 클릭...
2021-06-14 17:02:14,936 - movie_logger - INFO - 다음 페이지 클릭...
2021-06-14 17:02:15,545 - movie_logger - INFO - 다음 페이지 클릭...
2021-06-14 17:02:16,148 - movie_logger - INFO - 다음 페이지 클릭...
2021-06-14 17:02:16,753 - movie_logger - INFO - 다음 페이지 클릭...
2021-06-14 17:02:17,406 - movie_logger - INFO - 다음 페이지 클릭...
2021-06-14 17:02:18,031 - movie_logger - INFO - 다음 페이지 클릭...
2021-06-14 17:02:18,664 - movie_logger - INFO - 다음 페이지 클릭...
2021-06-14 17:02:19,301 - movie_logger - INFO - 다음 페이지 클릭...
2021-06-14 17:02:19,915 - movie_logger - INFO - 다음 페이지 클릭...
2021-06-14 17:02:20,545 - movie_logger - INFO - 다음 페이지 클릭...
2021-06-14 17:02:21,180 - movie_logger - INFO - 다음 페이지 클릭...
2021-06-14 17:02:21,817 - movie_logger - INFO - 다음 페이지 클릭...
2021-06-14 17:02:22,480 - movie_logger - INFO - 다음 페이지 클릭...
2021-06-14 17:02:23,121 - movie_logger - INFO - 다음 페이지 클릭...
2021-06-14 17:02:23,795 - movie_logger - INFO - 다음 페이지 클릭...
2021-06-14 17:02:24,440 - movie_logger - INFO - 다음 페이지 클릭...
2021-06-14 17:02:25,097 - movie_logger - INFO - 다음 페이지 클릭...
2021-06-14 17:02:25,771 - movie_logger - INFO - 다음 페이지 클릭...
2021-06-14 17:02:26,437 - movie_logger - INFO - 다음 페이지 클릭...
2021-06-14 17:02:27,112 - movie_logger - INFO - 다음 페이지 클릭...
2021-06-14 17:02:28,530 - movie_logger - INFO - 다음 페이지 클릭...
2021-06-14 17:02:29,213 - movie_logger - INFO - 다음 페이지 클릭...
2021-06-14 17:02:29,895 - movie_logger - INFO - 다음 페이지 클릭...
2021-06-14 17:02:30,579 - movie_logger - INFO - 다음 페이지 클릭...
2021-06-14 17:02:31,255 - movie_logger - INFO - 다음 페이지 클릭...
2021-06-14 17:02:31,952 - movie_logger - INFO - 다음 페이지 클릭...
2021-06-14 17:02:32,696 - movie_logger - INFO - 다음 페이지 클릭...
2021-06-14 17:02:33,389 - movie_logger - INFO - 다음 페이지 클릭...
2021-06-14 17:02:34,307 - movie_logger - INFO - 다음 페이지 클릭...
2021-06-14 17:02:35,030 - movie_logger - INFO - 다음 페이지 클릭...
2021-06-14 17:02:35,723 - movie_logger - INFO - 다음 페이지 클릭...
2021-06-14 17:02:36,446 - movie_logger - INFO - 다음 페이지 클릭...
2021-06-14 17:02:37,169 - movie_logger - INFO - 다음 페이지 클릭...
2021-06-14 17:02:37,911 - movie_logger - INFO - 다음 페이지 클릭...
2021-06-14 17:02:38,629 - movie_logger - INFO - 다음 페이지 클릭...
2021-06-14 17:02:39,361 - movie_logger - INFO - 다음 페이지 클릭...
2021-06-14 17:02:40,096 - movie_logger - INFO - 다음 페이지 클릭...
2021-06-14 17:02:40,829 - movie_logger - INFO - 다음 페이지 클릭...
2021-06-14 17:02:41,556 - movie_logger - INFO - 다음 페이지 클릭...
2021-06-14 17:02:42,341 - movie_logger - INFO - 다음 페이지 클릭...
2021-06-14 17:02:43,038 - movie_logger - INFO - 다음 페이지 클릭...
2021-06-14 17:02:43,732 - movie_logger - INFO - 다음 페이지 클릭...
2021-06-14 17:02:44,429 - movie_logger - INFO - 다음 페이지 클릭...
2021-06-14 17:02:45,137 - movie_logger - INFO - 다음 페이지 클릭...
2021-06-14 17:02:45,842 - movie_logger - INFO - 다음 페이지 클릭...
2021-06-14 17:02:46,552 - movie_logger - INFO - 다음 페이지 클릭...
2021-06-14 17:02:47,270 - movie_logger - INFO - 다음 페이지 클릭...
2021-06-14 17:02:47,986 - movie_logger - INFO - 다음 페이지 클릭...
2021-06-14 17:02:48,823 - movie_logger - INFO - 다음 페이지 클릭...
2021-06-14 17:02:49,549 - movie_logger - INFO - 다음 페이지 클릭...
2021-06-14 17:02:50,295 - movie_logger - INFO - 다음 페이지 클릭...
2021-06-14 17:02:51,037 - movie_logger - INFO - 다음 페이지 클릭...
2021-06-14 17:02:51,848 - movie_logger - INFO - 다음 페이지 클릭...
2021-06-14 17:02:52,586 - movie_logger - INFO - 다음 페이지 클릭...
2021-06-14 17:02:53,388 - movie_logger - INFO - 다음 페이지 클릭...
2021-06-14 17:02:54,156 - movie_logger - INFO - 다음 페이지 클릭...
2021-06-14 17:02:54,910 - movie_logger - INFO - 다음 페이지 클릭...
2021-06-14 17:02:55,677 - movie_logger - INFO - 다음 페이지 클릭...
2021-06-14 17:02:56,445 - movie_logger - INFO - 다음 페이지 클릭...
2021-06-14 17:02:57,208 - movie_logger - INFO - 다음 페이지 클릭...
2021-06-14 17:02:58,034 - movie_logger - INFO - 다음 페이지 클릭...
2021-06-14 17:02:58,816 - movie_logger - INFO - 다음 페이지 클릭...
2021-06-14 17:02:59,653 - movie_logger - INFO - 다음 페이지 클릭...
2021-06-14 17:03:00,450 - movie_logger - INFO - 다음 페이지 클릭...
2021-06-14 17:03:01,246 - movie_logger - INFO - 다음 페이지 클릭...
2021-06-14 17:03:02,031 - movie_logger - INFO - 다음 페이지 클릭...
2021-06-14 17:03:02,836 - movie_logger - INFO - 다음 페이지 클릭...
2021-06-14 17:03:03,635 - movie_logger - INFO - 다음 페이지 클릭...
2021-06-14 17:03:04,430 - movie_logger - INFO - 다음 페이지 클릭...
2021-06-14 17:03:05,216 - movie_logger - INFO - 다음 페이지 클릭...
2021-06-14 17:03:06,053 - movie_logger - INFO - 다음 페이지 클릭...
2021-06-14 17:03:06,861 - movie_logger - INFO - 다음 페이지 클릭...
2021-06-14 17:03:07,654 - movie_logger - INFO - 다음 페이지 클릭...
2021-06-14 17:03:08,477 - movie_logger - INFO - 다음 페이지 클릭...
2021-06-14 17:03:09,288 - movie_logger - INFO - 다음 페이지 클릭...
2021-06-14 17:03:10,114 - movie_logger - INFO - 다음 페이지 클릭...
2021-06-14 17:03:10,944 - movie_logger - INFO - 다음 페이지 클릭...
2021-06-14 17:03:11,770 - movie_logger - INFO - 다음 페이지 클릭...
2021-06-14 17:03:12,598 - movie_logger - INFO - 다음 페이지 클릭...
2021-06-14 17:03:13,491 - movie_logger - INFO - 다음 페이지 클릭...
2021-06-14 17:03:14,345 - movie_logger - INFO - 다음 페이지 클릭...
2021-06-14 17:03:15,196 - movie_logger - INFO - 다음 페이지 클릭...
2021-06-14 17:03:16,038 - movie_logger - INFO - 다음 페이지 클릭...
2021-06-14 17:03:16,869 - movie_logger - INFO - 다음 페이지 클릭...
2021-06-14 17:03:17,734 - movie_logger - INFO - 다음 페이지 클릭...
2021-06-14 17:03:18,579 - movie_logger - INFO - 다음 페이지 클릭...
2021-06-14 17:03:19,435 - movie_logger - INFO - 다음 페이지 클릭...
2021-06-14 17:03:20,350 - movie_logger - INFO - 다음 페이지 클릭...
2021-06-14 17:03:21,216 - movie_logger - INFO - 다음 페이지 클릭...
2021-06-14 17:03:22,078 - movie_logger - INFO - 다음 페이지 클릭...
2021-06-14 17:03:22,949 - movie_logger - INFO - 다음 페이지 클릭...
2021-06-14 17:03:23,811 - movie_logger - INFO - 다음 페이지 클릭...
2021-06-14 17:03:24,561 - movie_logger - INFO - 다음 페이지 클릭...
2021-06-14 17:03:25,300 - movie_logger - INFO - 다음 페이지 클릭...
2021-06-14 17:03:26,044 - movie_logger - INFO - 다음 페이지 클릭...
2021-06-14 17:03:26,784 - movie_logger - INFO - 다음 페이지 클릭...
2021-06-14 17:03:27,531 - movie_logger - INFO - 다음 페이지 클릭...
2021-06-14 17:03:28,297 - movie_logger - INFO - 다음 페이지 클릭...
2021-06-14 17:03:29,060 - movie_logger - INFO - 다음 페이지 클릭...
2021-06-14 17:03:29,885 - movie_logger - INFO - 다음 페이지 클릭...
2021-06-14 17:03:30,638 - movie_logger - INFO - 다음 페이지 클릭...
2021-06-14 17:03:31,412 - movie_logger - INFO - 다음 페이지 클릭...
2021-06-14 17:03:32,441 - movie_logger - INFO - 다음 페이지 클릭...
2021-06-14 17:03:33,220 - movie_logger - INFO - 다음 페이지 클릭...
2021-06-14 17:03:34,003 - movie_logger - INFO - 다음 페이지 클릭...
2021-06-14 17:03:34,830 - movie_logger - INFO - 다음 페이지 클릭...
2021-06-14 17:03:35,600 - movie_logger - INFO - 다음 페이지 클릭...
2021-06-14 17:03:36,366 - movie_logger - INFO - 다음 페이지 클릭...
2021-06-14 17:03:37,134 - movie_logger - INFO - 다음 페이지 클릭...
2021-06-14 17:03:38,188 - movie_logger - INFO - 다음 페이지 클릭...
2021-06-14 17:03:38,977 - movie_logger - INFO - 다음 페이지 클릭...
2021-06-14 17:03:39,752 - movie_logger - INFO - 다음 페이지 클릭...
2021-06-14 17:03:40,808 - movie_logger - INFO - 다음 페이지 클릭...
2021-06-14 17:03:41,595 - movie_logger - INFO - 다음 페이지 클릭...
2021-06-14 17:03:42,388 - movie_logger - INFO - 다음 페이지 클릭...
2021-06-14 17:03:43,187 - movie_logger - INFO - 다음 페이지 클릭...
2021-06-14 17:03:43,991 - movie_logger - INFO - 다음 페이지 클릭...
2021-06-14 17:03:44,801 - movie_logger - INFO - 다음 페이지 클릭...
2021-06-14 17:03:45,608 - movie_logger - INFO - 다음 페이지 클릭...
2021-06-14 17:03:46,415 - movie_logger - INFO - 다음 페이지 클릭...
2021-06-14 17:03:47,224 - movie_logger - INFO - 다음 페이지 클릭...
2021-06-14 17:03:48,037 - movie_logger - INFO - 다음 페이지 클릭...
2021-06-14 17:03:48,859 - movie_logger - INFO - 다음 페이지 클릭...
2021-06-14 17:03:49,674 - movie_logger - INFO - 다음 페이지 클릭...
2021-06-14 17:03:50,502 - movie_logger - INFO - 다음 페이지 클릭...
2021-06-14 17:03:51,341 - movie_logger - INFO - 다음 페이지 클릭...
2021-06-14 17:03:52,178 - movie_logger - INFO - 다음 페이지 클릭...
2021-06-14 17:03:53,009 - movie_logger - INFO - 다음 페이지 클릭...
2021-06-14 17:03:53,851 - movie_logger - INFO - 다음 페이지 클릭...
2021-06-14 17:03:54,694 - movie_logger - INFO - 다음 페이지 클릭...
2021-06-14 17:03:55,540 - movie_logger - INFO - 다음 페이지 클릭...
2021-06-14 17:03:56,388 - movie_logger - INFO - 다음 페이지 클릭...
2021-06-14 17:03:57,237 - movie_logger - INFO - 다음 페이지 클릭...
2021-06-14 17:03:58,105 - movie_logger - INFO - 다음 페이지 클릭...
2021-06-14 17:03:58,969 - movie_logger - INFO - 다음 페이지 클릭...
2021-06-14 17:03:59,823 - movie_logger - INFO - 다음 페이지 클릭...
2021-06-14 17:04:00,691 - movie_logger - INFO - 다음 페이지 클릭...
2021-06-14 17:04:01,574 - movie_logger - INFO - 다음 페이지 클릭...
2021-06-14 17:04:02,436 - movie_logger - INFO - 다음 페이지 클릭...
2021-06-14 17:04:03,307 - movie_logger - INFO - 다음 페이지 클릭...
2021-06-14 17:04:04,919 - movie_logger - INFO - 다음 페이지 클릭...
2021-06-14 17:04:05,948 - movie_logger - INFO - 다음 페이지 클릭...
2021-06-14 17:04:06,698 - movie_logger - INFO - 다음 페이지 클릭...
2021-06-14 17:04:07,460 - movie_logger - INFO - 다음 페이지 클릭...
2021-06-14 17:04:08,217 - movie_logger - INFO - 다음 페이지 클릭...
2021-06-14 17:04:08,976 - movie_logger - INFO - 다음 페이지 클릭...
2021-06-14 17:04:09,734 - movie_logger - INFO - 다음 페이지 클릭...
2021-06-14 17:04:10,493 - movie_logger - INFO - 다음 페이지 클릭...
2021-06-14 17:04:11,252 - movie_logger - INFO - 다음 페이지 클릭...
2021-06-14 17:04:12,035 - movie_logger - INFO - 다음 페이지 클릭...
2021-06-14 17:04:12,826 - movie_logger - INFO - 다음 페이지 클릭...
2021-06-14 17:04:13,609 - movie_logger - INFO - 다음 페이지 클릭...
2021-06-14 17:04:14,384 - movie_logger - INFO - 다음 페이지 클릭...
2021-06-14 17:04:15,170 - movie_logger - INFO - 다음 페이지 클릭...
2021-06-14 17:04:15,955 - movie_logger - INFO - 다음 페이지 클릭...
2021-06-14 17:04:16,745 - movie_logger - INFO - 다음 페이지 클릭...
2021-06-14 17:04:17,542 - movie_logger - INFO - 다음 페이지 클릭...
2021-06-14 17:04:18,596 - movie_logger - INFO - 다음 페이지 클릭...
2021-06-14 17:04:19,384 - movie_logger - INFO - 다음 페이지 클릭...
2021-06-14 17:04:20,190 - movie_logger - INFO - 다음 페이지 클릭...
2021-06-14 17:04:21,009 - movie_logger - INFO - 다음 페이지 클릭...
2021-06-14 17:04:21,840 - movie_logger - INFO - 다음 페이지 클릭...
2021-06-14 17:04:22,664 - movie_logger - INFO - 다음 페이지 클릭...
2021-06-14 17:04:23,477 - movie_logger - INFO - 다음 페이지 클릭...
2021-06-14 17:04:24,308 - movie_logger - INFO - 다음 페이지 클릭...
2021-06-14 17:04:25,133 - movie_logger - INFO - 다음 페이지 클릭...
2021-06-14 17:04:25,956 - movie_logger - INFO - 다음 페이지 클릭...
2021-06-14 17:04:26,794 - movie_logger - INFO - 다음 페이지 클릭...
2021-06-14 17:04:27,628 - movie_logger - INFO - 다음 페이지 클릭...
2021-06-14 17:04:28,464 - movie_logger - INFO - 다음 페이지 클릭...
2021-06-14 17:04:29,299 - movie_logger - INFO - 다음 페이지 클릭...
2021-06-14 17:04:30,137 - movie_logger - INFO - 다음 페이지 클릭...
2021-06-14 17:04:30,983 - movie_logger - INFO - 다음 페이지 클릭...
2021-06-14 17:04:31,834 - movie_logger - INFO - 다음 페이지 클릭...
2021-06-14 17:04:32,686 - movie_logger - INFO - 다음 페이지 클릭...
2021-06-14 17:04:33,534 - movie_logger - INFO - 다음 페이지 클릭...
2021-06-14 17:04:34,390 - movie_logger - INFO - 다음 페이지 클릭...
2021-06-14 17:04:35,258 - movie_logger - INFO - 다음 페이지 클릭...
2021-06-14 17:04:36,121 - movie_logger - INFO - 다음 페이지 클릭...
2021-06-14 17:04:36,989 - movie_logger - INFO - 다음 페이지 클릭...
2021-06-14 17:04:37,858 - movie_logger - INFO - 다음 페이지 클릭...
2021-06-14 17:04:38,734 - movie_logger - INFO - 다음 페이지 클릭...
2021-06-14 17:04:39,614 - movie_logger - INFO - 다음 페이지 클릭...
2021-06-14 17:04:40,493 - movie_logger - INFO - 다음 페이지 클릭...
2021-06-14 17:04:41,515 - movie_logger - INFO - 다음 페이지 클릭...
2021-06-14 17:04:42,558 - movie_logger - INFO - 다음 페이지 클릭...
2021-06-14 17:04:43,291 - movie_logger - INFO - 다음 페이지 클릭...
2021-06-14 17:04:44,053 - movie_logger - INFO - 다음 페이지 클릭...
2021-06-14 17:04:44,810 - movie_logger - INFO - 다음 페이지 클릭...
2021-06-14 17:04:45,547 - movie_logger - INFO - 다음 페이지 클릭...
2021-06-14 17:04:46,309 - movie_logger - INFO - 다음 페이지 클릭...
2021-06-14 17:04:47,061 - movie_logger - INFO - 다음 페이지 클릭...
2021-06-14 17:04:47,807 - movie_logger - INFO - 다음 페이지 클릭...
2021-06-14 17:04:48,558 - movie_logger - INFO - 다음 페이지 클릭...
2021-06-14 17:04:49,317 - movie_logger - INFO - 다음 페이지 클릭...
2021-06-14 17:04:50,081 - movie_logger - INFO - 다음 페이지 클릭...
2021-06-14 17:04:50,850 - movie_logger - INFO - 다음 페이지 클릭...
2021-06-14 17:04:51,618 - movie_logger - INFO - 다음 페이지 클릭...
2021-06-14 17:04:52,399 - movie_logger - INFO - 다음 페이지 클릭...
2021-06-14 17:04:53,178 - movie_logger - INFO - 다음 페이지 클릭...
2021-06-14 17:04:53,956 - movie_logger - INFO - 다음 페이지 클릭...
2021-06-14 17:04:55,009 - movie_logger - INFO - 다음 페이지 클릭...
2021-06-14 17:04:55,776 - movie_logger - INFO - 다음 페이지 클릭...
2021-06-14 17:04:56,556 - movie_logger - INFO - 다음 페이지 클릭...
2021-06-14 17:04:57,350 - movie_logger - INFO - 다음 페이지 클릭...
2021-06-14 17:04:58,142 - movie_logger - INFO - 다음 페이지 클릭...
2021-06-14 17:04:59,228 - movie_logger - INFO - 다음 페이지 클릭...
2021-06-14 17:05:00,041 - movie_logger - INFO - 다음 페이지 클릭...
2021-06-14 17:05:00,861 - movie_logger - INFO - 다음 페이지 클릭...
2021-06-14 17:05:01,691 - movie_logger - INFO - 다음 페이지 클릭...
2021-06-14 17:05:02,534 - movie_logger - INFO - 다음 페이지 클릭...
2021-06-14 17:05:03,373 - movie_logger - INFO - 다음 페이지 클릭...
2021-06-14 17:05:04,200 - movie_logger - INFO - 다음 페이지 클릭...
2021-06-14 17:05:05,037 - movie_logger - INFO - 다음 페이지 클릭...
2021-06-14 17:05:05,876 - movie_logger - INFO - 다음 페이지 클릭...
2021-06-14 17:05:06,698 - movie_logger - INFO - 다음 페이지 클릭...
2021-06-14 17:05:07,536 - movie_logger - INFO - 다음 페이지 클릭...
2021-06-14 17:05:08,386 - movie_logger - INFO - 다음 페이지 클릭...
2021-06-14 17:05:09,225 - movie_logger - INFO - 다음 페이지 클릭...
2021-06-14 17:05:10,064 - movie_logger - INFO - 다음 페이지 클릭...
2021-06-14 17:05:10,908 - movie_logger - INFO - 다음 페이지 클릭...
2021-06-14 17:05:11,757 - movie_logger - INFO - 다음 페이지 클릭...
2021-06-14 17:05:12,616 - movie_logger - INFO - 다음 페이지 클릭...
2021-06-14 17:05:13,474 - movie_logger - INFO - 다음 페이지 클릭...
2021-06-14 17:05:14,368 - movie_logger - INFO - 다음 페이지 클릭...
2021-06-14 17:05:15,224 - movie_logger - INFO - 다음 페이지 클릭...
2021-06-14 17:05:16,088 - movie_logger - INFO - 다음 페이지 클릭...
2021-06-14 17:05:16,958 - movie_logger - INFO - 다음 페이지 클릭...
2021-06-14 17:05:17,830 - movie_logger - INFO - 다음 페이지 클릭...
2021-06-14 17:05:18,698 - movie_logger - INFO - 다음 페이지 클릭...
2021-06-14 17:05:19,568 - movie_logger - INFO - 다음 페이지 클릭...
2021-06-14 17:05:20,454 - movie_logger - INFO - 다음 페이지 클릭...
2021-06-14 17:05:21,330 - movie_logger - INFO - 다음 페이지 클릭...
2021-06-14 17:05:22,206 - movie_logger - INFO - 다음 페이지 클릭...
2021-06-14 17:05:23,089 - movie_logger - INFO - 다음 페이지 클릭...
2021-06-14 17:05:23,975 - movie_logger - INFO - 다음 페이지 클릭...
2021-06-14 17:05:24,866 - movie_logger - INFO - 다음 페이지 클릭...
2021-06-14 17:05:25,755 - movie_logger - INFO - 다음 페이지 클릭...
2021-06-14 17:05:26,653 - movie_logger - INFO - 다음 페이지 클릭...
2021-06-14 17:05:27,550 - movie_logger - INFO - 다음 페이지 클릭...
2021-06-14 17:05:28,459 - movie_logger - INFO - 다음 페이지 클릭...
2021-06-14 17:05:29,366 - movie_logger - INFO - 다음 페이지 클릭...
2021-06-14 17:05:30,280 - movie_logger - INFO - 다음 페이지 클릭...
2021-06-14 17:05:31,196 - movie_logger - INFO - 다음 페이지 클릭...
2021-06-14 17:05:32,116 - movie_logger - INFO - 다음 페이지 클릭...
2021-06-14 17:05:33,030 - movie_logger - INFO - 다음 페이지 클릭...
2021-06-14 17:05:33,951 - movie_logger - INFO - 다음 페이지 클릭...
2021-06-14 17:05:34,869 - movie_logger - INFO - 다음 페이지 클릭...
2021-06-14 17:05:35,800 - movie_logger - INFO - 다음 페이지 클릭...
2021-06-14 17:05:36,738 - movie_logger - INFO - 다음 페이지 클릭...
2021-06-14 17:05:37,681 - movie_logger - INFO - 다음 페이지 클릭...
2021-06-14 17:05:38,618 - movie_logger - INFO - 다음 페이지 클릭...
2021-06-14 17:05:39,896 - movie_logger - INFO - 다음 페이지 클릭...
2021-06-14 17:05:40,685 - movie_logger - INFO - 다음 페이지 클릭...
2021-06-14 17:05:41,472 - movie_logger - INFO - 다음 페이지 클릭...
2021-06-14 17:05:42,284 - movie_logger - INFO - 다음 페이지 클릭...
2021-06-14 17:05:43,089 - movie_logger - INFO - 다음 페이지 클릭...
2021-06-14 17:05:43,887 - movie_logger - INFO - 다음 페이지 클릭...
2021-06-14 17:05:44,696 - movie_logger - INFO - 다음 페이지 클릭...
2021-06-14 17:05:45,522 - movie_logger - INFO - 다음 페이지 클릭...
2021-06-14 17:05:46,344 - movie_logger - INFO - 다음 페이지 클릭...
2021-06-14 17:05:47,159 - movie_logger - INFO - 다음 페이지 클릭...
2021-06-14 17:05:47,987 - movie_logger - INFO - 다음 페이지 클릭...
2021-06-14 17:05:48,804 - movie_logger - INFO - 다음 페이지 클릭...
2021-06-14 17:05:49,636 - movie_logger - INFO - 다음 페이지 클릭...
2021-06-14 17:05:50,472 - movie_logger - INFO - 다음 페이지 클릭...
2021-06-14 17:05:51,308 - movie_logger - INFO - 다음 페이지 클릭...
2021-06-14 17:05:52,139 - movie_logger - INFO - 다음 페이지 클릭...
2021-06-14 17:05:52,982 - movie_logger - INFO - 다음 페이지 클릭...
2021-06-14 17:05:53,819 - movie_logger - INFO - 다음 페이지 클릭...
2021-06-14 17:05:54,687 - movie_logger - INFO - 다음 페이지 클릭...
2021-06-14 17:05:55,533 - movie_logger - INFO - 다음 페이지 클릭...
2021-06-14 17:05:56,389 - movie_logger - INFO - 다음 페이지 클릭...
2021-06-14 17:05:57,253 - movie_logger - INFO - 다음 페이지 클릭...
2021-06-14 17:05:58,114 - movie_logger - INFO - 다음 페이지 클릭...
2021-06-14 17:05:59,026 - movie_logger - INFO - 다음 페이지 클릭...
2021-06-14 17:05:59,922 - movie_logger - INFO - 다음 페이지 클릭...
2021-06-14 17:06:01,294 - movie_logger - INFO - 다음 페이지 클릭...
2021-06-14 17:06:02,181 - movie_logger - INFO - 다음 페이지 클릭...
2021-06-14 17:06:03,057 - movie_logger - INFO - 다음 페이지 클릭...
2021-06-14 17:06:03,949 - movie_logger - INFO - 다음 페이지 클릭...
2021-06-14 17:06:04,824 - movie_logger - INFO - 다음 페이지 클릭...
2021-06-14 17:06:05,705 - movie_logger - INFO - 다음 페이지 클릭...
2021-06-14 17:06:06,588 - movie_logger - INFO - 다음 페이지 클릭...
2021-06-14 17:06:07,464 - movie_logger - INFO - 다음 페이지 클릭...
2021-06-14 17:06:08,354 - movie_logger - INFO - 다음 페이지 클릭...
2021-06-14 17:06:09,241 - movie_logger - INFO - 다음 페이지 클릭...
2021-06-14 17:06:10,148 - movie_logger - INFO - 다음 페이지 클릭...
2021-06-14 17:06:11,044 - movie_logger - INFO - 다음 페이지 클릭...
2021-06-14 17:06:11,935 - movie_logger - INFO - 다음 페이지 클릭...
2021-06-14 17:06:12,848 - movie_logger - INFO - 다음 페이지 클릭...
2021-06-14 17:06:13,753 - movie_logger - INFO - 다음 페이지 클릭...
2021-06-14 17:06:14,665 - movie_logger - INFO - 다음 페이지 클릭...
2021-06-14 17:06:15,574 - movie_logger - INFO - 다음 페이지 클릭...
2021-06-14 17:06:16,487 - movie_logger - INFO - 다음 페이지 클릭...
2021-06-14 17:06:17,416 - movie_logger - INFO - 다음 페이지 클릭...
2021-06-14 17:06:18,382 - movie_logger - INFO - 다음 페이지 클릭...
2021-06-14 17:06:19,313 - movie_logger - INFO - 다음 페이지 클릭...
2021-06-14 17:06:20,236 - movie_logger - INFO - 다음 페이지 클릭...
2021-06-14 17:06:21,173 - movie_logger - INFO - 다음 페이지 클릭...
2021-06-14 17:06:22,121 - movie_logger - INFO - 다음 페이지 클릭...
2021-06-14 17:06:23,061 - movie_logger - INFO - 다음 페이지 클릭...
2021-06-14 17:06:24,008 - movie_logger - INFO - 다음 페이지 클릭...
2021-06-14 17:06:24,963 - movie_logger - INFO - 다음 페이지 클릭...
2021-06-14 17:06:25,931 - movie_logger - INFO - 다음 페이지 클릭...
2021-06-14 17:06:26,880 - movie_logger - INFO - 다음 페이지 클릭...
2021-06-14 17:06:28,129 - movie_logger - INFO - 다음 페이지 클릭...
2021-06-14 17:06:29,305 - movie_logger - INFO - 다음 페이지 클릭...
2021-06-14 17:06:30,281 - movie_logger - INFO - 다음 페이지 클릭...
2021-06-14 17:06:31,270 - movie_logger - INFO - 다음 페이지 클릭...
2021-06-14 17:06:32,246 - movie_logger - INFO - 다음 페이지 클릭...
2021-06-14 17:06:33,217 - movie_logger - INFO - 다음 페이지 클릭...
2021-06-14 17:06:34,200 - movie_logger - INFO - 다음 페이지 클릭...
2021-06-14 17:06:35,187 - movie_logger - INFO - 다음 페이지 클릭...
2021-06-14 17:06:36,178 - movie_logger - INFO - 다음 페이지 클릭...
2021-06-14 17:06:37,448 - movie_logger - INFO - 다음 페이지 클릭...
2021-06-14 17:06:38,440 - movie_logger - INFO - 다음 페이지 클릭...
2021-06-14 17:06:39,435 - movie_logger - INFO - 다음 페이지 클릭...
2021-06-14 17:06:40,439 - movie_logger - INFO - 다음 페이지 클릭...
2021-06-14 17:06:41,441 - movie_logger - INFO - 다음 페이지 클릭...
2021-06-14 17:06:42,450 - movie_logger - INFO - 다음 페이지 클릭...
2021-06-14 17:06:43,461 - movie_logger - INFO - 다음 페이지 클릭...
2021-06-14 17:06:44,488 - movie_logger - INFO - 다음 페이지 클릭...
2021-06-14 17:06:45,500 - movie_logger - INFO - 다음 페이지 클릭...
2021-06-14 17:06:46,522 - movie_logger - INFO - 다음 페이지 클릭...
2021-06-14 17:06:47,551 - movie_logger - INFO - 다음 페이지 클릭...
2021-06-14 17:06:48,573 - movie_logger - INFO - 다음 페이지 클릭...
2021-06-14 17:06:49,927 - movie_logger - INFO - 다음 페이지 클릭...
2021-06-14 17:06:50,814 - movie_logger - INFO - 다음 페이지 클릭...
2021-06-14 17:06:51,716 - movie_logger - INFO - 다음 페이지 클릭...
2021-06-14 17:06:52,613 - movie_logger - INFO - 다음 페이지 클릭...
2021-06-14 17:06:53,530 - movie_logger - INFO - 다음 페이지 클릭...
2021-06-14 17:06:54,434 - movie_logger - INFO - 다음 페이지 클릭...
2021-06-14 17:06:55,356 - movie_logger - INFO - 다음 페이지 클릭...
2021-06-14 17:06:56,271 - movie_logger - INFO - 다음 페이지 클릭...
2021-06-14 17:06:57,198 - movie_logger - INFO - 다음 페이지 클릭...
2021-06-14 17:06:58,118 - movie_logger - INFO - 다음 페이지 클릭...
2021-06-14 17:06:59,054 - movie_logger - INFO - 다음 페이지 클릭...
2021-06-14 17:06:59,979 - movie_logger - INFO - 다음 페이지 클릭...
2021-06-14 17:07:00,914 - movie_logger - INFO - 다음 페이지 클릭...
2021-06-14 17:07:01,854 - movie_logger - INFO - 다음 페이지 클릭...
2021-06-14 17:07:03,068 - movie_logger - INFO - 다음 페이지 클릭...
2021-06-14 17:07:03,998 - movie_logger - INFO - 다음 페이지 클릭...
2021-06-14 17:07:04,948 - movie_logger - INFO - 다음 페이지 클릭...
2021-06-14 17:07:05,906 - movie_logger - INFO - 다음 페이지 클릭...
2021-06-14 17:07:06,859 - movie_logger - INFO - 다음 페이지 클릭...
2021-06-14 17:07:07,817 - movie_logger - INFO - 다음 페이지 클릭...
2021-06-14 17:07:08,767 - movie_logger - INFO - 다음 페이지 클릭...
2021-06-14 17:07:09,720 - movie_logger - INFO - 다음 페이지 클릭...
2021-06-14 17:07:10,686 - movie_logger - INFO - 다음 페이지 클릭...
2021-06-14 17:07:11,649 - movie_logger - INFO - 다음 페이지 클릭...
2021-06-14 17:07:12,635 - movie_logger - INFO - 다음 페이지 클릭...
2021-06-14 17:07:13,616 - movie_logger - INFO - 다음 페이지 클릭...
2021-06-14 17:07:14,593 - movie_logger - INFO - 다음 페이지 클릭...
2021-06-14 17:07:15,584 - movie_logger - INFO - 다음 페이지 클릭...
2021-06-14 17:07:16,565 - movie_logger - INFO - 다음 페이지 클릭...
2021-06-14 17:07:17,552 - movie_logger - INFO - 다음 페이지 클릭...
2021-06-14 17:07:18,546 - movie_logger - INFO - 다음 페이지 클릭...
2021-06-14 17:07:19,536 - movie_logger - INFO - 다음 페이지 클릭...
2021-06-14 17:07:20,544 - movie_logger - INFO - 다음 페이지 클릭...
2021-06-14 17:07:21,554 - movie_logger - INFO - 다음 페이지 클릭...
2021-06-14 17:07:22,552 - movie_logger - INFO - 다음 페이지 클릭...
2021-06-14 17:07:23,564 - movie_logger - INFO - 다음 페이지 클릭...
2021-06-14 17:07:24,571 - movie_logger - INFO - 다음 페이지 클릭...
2021-06-14 17:07:25,584 - movie_logger - INFO - 다음 페이지 클릭...
2021-06-14 17:07:26,601 - movie_logger - INFO - 다음 페이지 클릭...
2021-06-14 17:07:27,637 - movie_logger - INFO - 다음 페이지 클릭...
2021-06-14 17:07:28,649 - movie_logger - INFO - 다음 페이지 클릭...
2021-06-14 17:07:29,680 - movie_logger - INFO - 다음 페이지 클릭...
2021-06-14 17:07:30,711 - movie_logger - INFO - 다음 페이지 클릭...
2021-06-14 17:07:31,745 - movie_logger - INFO - 다음 페이지 클릭...
2021-06-14 17:07:32,794 - movie_logger - INFO - 다음 페이지 클릭...
2021-06-14 17:07:33,844 - movie_logger - INFO - 다음 페이지 클릭...
2021-06-14 17:07:34,881 - movie_logger - INFO - 다음 페이지 클릭...
2021-06-14 17:07:35,929 - movie_logger - INFO - 다음 페이지 클릭...
2021-06-14 17:07:36,971 - movie_logger - INFO - 다음 페이지 클릭...
2021-06-14 17:07:38,027 - movie_logger - INFO - 다음 페이지 클릭...
2021-06-14 17:07:39,097 - movie_logger - INFO - 다음 페이지 클릭...
2021-06-14 17:07:40,153 - movie_logger - INFO - 다음 페이지 클릭...
2021-06-14 17:07:41,212 - movie_logger - INFO - 다음 페이지 클릭...
2021-06-14 17:07:42,268 - movie_logger - INFO - 다음 페이지 클릭...
2021-06-14 17:07:43,334 - movie_logger - INFO - 다음 페이지 클릭...
2021-06-14 17:07:44,413 - movie_logger - INFO - 다음 페이지 클릭...
2021-06-14 17:07:45,497 - movie_logger - INFO - 다음 페이지 클릭...
2021-06-14 17:07:46,585 - movie_logger - INFO - 다음 페이지 클릭...
2021-06-14 17:07:47,692 - movie_logger - INFO - 다음 페이지 클릭...
2021-06-14 17:07:48,796 - movie_logger - INFO - 다음 페이지 클릭...
2021-06-14 17:07:49,947 - movie_logger - INFO - 다음 페이지 클릭...
2021-06-14 17:07:51,063 - movie_logger - INFO - 다음 페이지 클릭...
2021-06-14 17:07:52,181 - movie_logger - INFO - 다음 페이지 클릭...
2021-06-14 17:07:53,293 - movie_logger - INFO - 다음 페이지 클릭...
2021-06-14 17:07:54,415 - movie_logger - INFO - 다음 페이지 클릭...
2021-06-14 17:07:55,526 - movie_logger - INFO - 다음 페이지 클릭...
2021-06-14 17:07:56,765 - movie_logger - INFO - 다음 페이지 클릭...
2021-06-14 17:07:57,879 - movie_logger - INFO - 다음 페이지 클릭...
2021-06-14 17:07:59,018 - movie_logger - INFO - 다음 페이지 클릭...
2021-06-14 17:08:00,150 - movie_logger - INFO - 다음 페이지 클릭...
2021-06-14 17:08:01,304 - movie_logger - INFO - 다음 페이지 클릭...
2021-06-14 17:08:02,447 - movie_logger - INFO - 다음 페이지 클릭...
2021-06-14 17:08:03,579 - movie_logger - INFO - 다음 페이지 클릭...
2021-06-14 17:08:04,714 - movie_logger - INFO - 다음 페이지 클릭...
2021-06-14 17:08:05,910 - movie_logger - INFO - 다음 페이지 클릭...
2021-06-14 17:08:07,396 - movie_logger - INFO - 다음 페이지 클릭...
2021-06-14 17:08:08,434 - movie_logger - INFO - 다음 페이지 클릭...
2021-06-14 17:08:09,451 - movie_logger - INFO - 다음 페이지 클릭...
2021-06-14 17:08:10,401 - movie_logger - INFO - 다음 페이지 클릭...
2021-06-14 17:08:11,349 - movie_logger - INFO - 다음 페이지 클릭...
2021-06-14 17:08:12,282 - movie_logger - INFO - 다음 페이지 클릭...
2021-06-14 17:08:13,218 - movie_logger - INFO - 다음 페이지 클릭...
2021-06-14 17:08:14,152 - movie_logger - INFO - 다음 페이지 클릭...
2021-06-14 17:08:15,100 - movie_logger - INFO - 다음 페이지 클릭...
2021-06-14 17:08:16,043 - movie_logger - INFO - 다음 페이지 클릭...
2021-06-14 17:08:17,010 - movie_logger - INFO - 다음 페이지 클릭...
2021-06-14 17:08:17,997 - movie_logger - INFO - 다음 페이지 클릭...
2021-06-14 17:08:18,956 - movie_logger - INFO - 다음 페이지 클릭...
2021-06-14 17:08:19,925 - movie_logger - INFO - 다음 페이지 클릭...
2021-06-14 17:08:20,891 - movie_logger - INFO - 다음 페이지 클릭...
2021-06-14 17:08:21,856 - movie_logger - INFO - 다음 페이지 클릭...
2021-06-14 17:08:22,826 - movie_logger - INFO - 다음 페이지 클릭...
2021-06-14 17:08:23,798 - movie_logger - INFO - 다음 페이지 클릭...
2021-06-14 17:08:24,781 - movie_logger - INFO - 다음 페이지 클릭...
2021-06-14 17:08:25,757 - movie_logger - INFO - 다음 페이지 클릭...
2021-06-14 17:08:26,740 - movie_logger - INFO - 다음 페이지 클릭...
2021-06-14 17:08:27,725 - movie_logger - INFO - 다음 페이지 클릭...
2021-06-14 17:08:28,724 - movie_logger - INFO - 다음 페이지 클릭...
2021-06-14 17:08:29,717 - movie_logger - INFO - 다음 페이지 클릭...
2021-06-14 17:08:30,717 - movie_logger - INFO - 다음 페이지 클릭...
2021-06-14 17:08:31,719 - movie_logger - INFO - 다음 페이지 클릭...
2021-06-14 17:08:32,725 - movie_logger - INFO - 다음 페이지 클릭...
2021-06-14 17:08:33,728 - movie_logger - INFO - 다음 페이지 클릭...
2021-06-14 17:08:34,731 - movie_logger - INFO - 다음 페이지 클릭...
2021-06-14 17:08:35,750 - movie_logger - INFO - 다음 페이지 클릭...
2021-06-14 17:08:36,764 - movie_logger - INFO - 다음 페이지 클릭...
2021-06-14 17:08:37,779 - movie_logger - INFO - 다음 페이지 클릭...
2021-06-14 17:08:38,795 - movie_logger - INFO - 다음 페이지 클릭...
2021-06-14 17:08:39,828 - movie_logger - INFO - 다음 페이지 클릭...
2021-06-14 17:08:40,849 - movie_logger - INFO - 다음 페이지 클릭...
2021-06-14 17:08:41,898 - movie_logger - INFO - 다음 페이지 클릭...
2021-06-14 17:08:42,966 - movie_logger - INFO - 다음 페이지 클릭...
2021-06-14 17:08:44,026 - movie_logger - INFO - 다음 페이지 클릭...
2021-06-14 17:08:45,077 - movie_logger - INFO - 다음 페이지 클릭...
2021-06-14 17:08:46,129 - movie_logger - INFO - 다음 페이지 클릭...
2021-06-14 17:08:47,177 - movie_logger - INFO - 다음 페이지 클릭...
2021-06-14 17:08:48,286 - movie_logger - INFO - 다음 페이지 클릭...
2021-06-14 17:08:49,383 - movie_logger - INFO - 다음 페이지 클릭...
2021-06-14 17:08:50,591 - movie_logger - INFO - 다음 페이지 클릭...
2021-06-14 17:08:51,696 - movie_logger - INFO - 다음 페이지 클릭...
2021-06-14 17:08:52,775 - movie_logger - INFO - 다음 페이지 클릭...
2021-06-14 17:08:53,861 - movie_logger - INFO - 다음 페이지 클릭...
2021-06-14 17:08:54,929 - movie_logger - INFO - 다음 페이지 클릭...
2021-06-14 17:08:56,007 - movie_logger - INFO - 다음 페이지 클릭...
2021-06-14 17:08:57,115 - movie_logger - INFO - 다음 페이지 클릭...
2021-06-14 17:08:58,225 - movie_logger - INFO - 다음 페이지 클릭...
2021-06-14 17:08:59,346 - movie_logger - INFO - 다음 페이지 클릭...
2021-06-14 17:09:00,498 - movie_logger - INFO - 다음 페이지 클릭...
2021-06-14 17:09:01,700 - movie_logger - INFO - 다음 페이지 클릭...
2021-06-14 17:09:02,872 - movie_logger - INFO - 다음 페이지 클릭...
2021-06-14 17:09:03,983 - movie_logger - INFO - 다음 페이지 클릭...
2021-06-14 17:09:05,114 - movie_logger - INFO - 다음 페이지 클릭...
2021-06-14 17:09:06,288 - movie_logger - INFO - 다음 페이지 클릭...
2021-06-14 17:09:07,450 - movie_logger - INFO - 다음 페이지 클릭...
2021-06-14 17:09:08,672 - movie_logger - INFO - 다음 페이지 클릭...
2021-06-14 17:09:09,814 - movie_logger - INFO - 다음 페이지 클릭...
2021-06-14 17:09:11,012 - movie_logger - INFO - 다음 페이지 클릭...
2021-06-14 17:09:12,145 - movie_logger - INFO - 다음 페이지 클릭...
2021-06-14 17:09:13,307 - movie_logger - INFO - 다음 페이지 클릭...
2021-06-14 17:09:14,658 - movie_logger - INFO - 다음 페이지 클릭...
2021-06-14 17:09:15,946 - movie_logger - INFO - 다음 페이지 클릭...
2021-06-14 17:09:17,121 - movie_logger - INFO - 다음 페이지 클릭...
2021-06-14 17:09:18,290 - movie_logger - INFO - 다음 페이지 클릭...
2021-06-14 17:09:19,516 - movie_logger - INFO - 다음 페이지 클릭...
2021-06-14 17:09:20,761 - movie_logger - INFO - 다음 페이지 클릭...
2021-06-14 17:09:21,915 - movie_logger - INFO - 다음 페이지 클릭...
